<?xml version="1.0" encoding="UTF-8"?>
<testsuite xmlns:xsi="http://www.w3.org/2001/XMLSchema-instance" xsi:noNamespaceSchemaLocation="https://maven.apache.org/surefire/maven-surefire-plugin/xsd/surefire-test-report.xsd" name="com.m78.serviceImpl.CommunityServiceImplTest" time="0.052" tests="1" errors="0" skipped="0" failures="0">
  <properties>
    <property name="sun.desktop" value="windows"/>
    <property name="awt.toolkit" value="sun.awt.windows.WToolkit"/>
    <property name="file.encoding.pkg" value="sun.io"/>
    <property name="java.specification.version" value="1.8"/>
    <property name="sun.cpu.isalist" value="amd64"/>
    <property name="sun.jnu.encoding" value="GBK"/>
    <property name="java.class.path" value="E:\manage\sj_service\sj_serviceImpl\target\test-classes;E:\manage\sj_service\sj_serviceImpl\target\classes;E:\apache-maven-3.5.3\repository3\com\m78\sj_dao\1.0-SNAPSHOT\sj_dao-1.0-SNAPSHOT.jar;E:\apache-maven-3.5.3\repository3\org\mybatis\mybatis\3.4.0\mybatis-3.4.0.jar;E:\apache-maven-3.5.3\repository3\com\m78\sj_entity\1.0-SNAPSHOT\sj_entity-1.0-SNAPSHOT.jar;E:\apache-maven-3.5.3\repository3\com\alibaba\fastjson\1.2.47\fastjson-1.2.47.jar;E:\apache-maven-3.5.3\repository3\com\m78\sj_interface\1.0-SNAPSHOT\sj_interface-1.0-SNAPSHOT.jar;E:\apache-maven-3.5.3\repository3\io\dubbo\springboot\spring-boot-starter-dubbo\1.0.0\spring-boot-starter-dubbo-1.0.0.jar;E:\apache-maven-3.5.3\repository3\org\springframework\boot\spring-boot-starter\2.0.2.RELEASE\spring-boot-starter-2.0.2.RELEASE.jar;E:\apache-maven-3.5.3\repository3\org\springframework\boot\spring-boot\2.0.2.RELEASE\spring-boot-2.0.2.RELEASE.jar;E:\apache-maven-3.5.3\repository3\org\springframework\boot\spring-boot-autoconfigure\2.0.2.RELEASE\spring-boot-autoconfigure-2.0.2.RELEASE.jar;E:\apache-maven-3.5.3\repository3\org\springframework\boot\spring-boot-starter-logging\2.0.2.RELEASE\spring-boot-starter-logging-2.0.2.RELEASE.jar;E:\apache-maven-3.5.3\repository3\ch\qos\logback\logback-classic\1.2.3\logback-classic-1.2.3.jar;E:\apache-maven-3.5.3\repository3\ch\qos\logback\logback-core\1.2.3\logback-core-1.2.3.jar;E:\apache-maven-3.5.3\repository3\org\apache\logging\log4j\log4j-to-slf4j\2.10.0\log4j-to-slf4j-2.10.0.jar;E:\apache-maven-3.5.3\repository3\org\apache\logging\log4j\log4j-api\2.10.0\log4j-api-2.10.0.jar;E:\apache-maven-3.5.3\repository3\org\slf4j\jul-to-slf4j\1.7.25\jul-to-slf4j-1.7.25.jar;E:\apache-maven-3.5.3\repository3\javax\annotation\javax.annotation-api\1.3.2\javax.annotation-api-1.3.2.jar;E:\apache-maven-3.5.3\repository3\org\springframework\spring-core\5.0.6.RELEASE\spring-core-5.0.6.RELEASE.jar;E:\apache-maven-3.5.3\repository3\org\springframework\spring-jcl\5.0.6.RELEASE\spring-jcl-5.0.6.RELEASE.jar;E:\apache-maven-3.5.3\repository3\org\yaml\snakeyaml\1.19\snakeyaml-1.19.jar;E:\apache-maven-3.5.3\repository3\com\alibaba\dubbo\2.5.3\dubbo-2.5.3.jar;E:\apache-maven-3.5.3\repository3\org\javassist\javassist\3.15.0-GA\javassist-3.15.0-GA.jar;E:\apache-maven-3.5.3\repository3\org\jboss\netty\netty\3.2.5.Final\netty-3.2.5.Final.jar;E:\apache-maven-3.5.3\repository3\com\101tec\zkclient\0.7\zkclient-0.7.jar;E:\apache-maven-3.5.3\repository3\org\apache\zookeeper\zookeeper\3.4.6\zookeeper-3.4.6.jar;E:\apache-maven-3.5.3\repository3\jline\jline\0.9.94\jline-0.9.94.jar;E:\apache-maven-3.5.3\repository3\junit\junit\4.12\junit-4.12.jar;E:\apache-maven-3.5.3\repository3\org\hamcrest\hamcrest-core\1.3\hamcrest-core-1.3.jar;E:\apache-maven-3.5.3\repository3\io\netty\netty\3.7.0.Final\netty-3.7.0.Final.jar;E:\apache-maven-3.5.3\repository3\org\springframework\boot\spring-boot-starter-web\2.0.2.RELEASE\spring-boot-starter-web-2.0.2.RELEASE.jar;E:\apache-maven-3.5.3\repository3\org\springframework\boot\spring-boot-starter-json\2.0.2.RELEASE\spring-boot-starter-json-2.0.2.RELEASE.jar;E:\apache-maven-3.5.3\repository3\com\fasterxml\jackson\core\jackson-databind\2.9.5\jackson-databind-2.9.5.jar;E:\apache-maven-3.5.3\repository3\com\fasterxml\jackson\core\jackson-annotations\2.9.0\jackson-annotations-2.9.0.jar;E:\apache-maven-3.5.3\repository3\com\fasterxml\jackson\core\jackson-core\2.9.5\jackson-core-2.9.5.jar;E:\apache-maven-3.5.3\repository3\com\fasterxml\jackson\datatype\jackson-datatype-jdk8\2.9.5\jackson-datatype-jdk8-2.9.5.jar;E:\apache-maven-3.5.3\repository3\com\fasterxml\jackson\datatype\jackson-datatype-jsr310\2.9.5\jackson-datatype-jsr310-2.9.5.jar;E:\apache-maven-3.5.3\repository3\com\fasterxml\jackson\module\jackson-module-parameter-names\2.9.5\jackson-module-parameter-names-2.9.5.jar;E:\apache-maven-3.5.3\repository3\org\springframework\boot\spring-boot-starter-tomcat\2.0.2.RELEASE\spring-boot-starter-tomcat-2.0.2.RELEASE.jar;E:\apache-maven-3.5.3\repository3\org\apache\tomcat\embed\tomcat-embed-core\8.5.31\tomcat-embed-core-8.5.31.jar;E:\apache-maven-3.5.3\repository3\org\apache\tomcat\embed\tomcat-embed-el\8.5.31\tomcat-embed-el-8.5.31.jar;E:\apache-maven-3.5.3\repository3\org\apache\tomcat\embed\tomcat-embed-websocket\8.5.31\tomcat-embed-websocket-8.5.31.jar;E:\apache-maven-3.5.3\repository3\org\hibernate\validator\hibernate-validator\6.0.9.Final\hibernate-validator-6.0.9.Final.jar;E:\apache-maven-3.5.3\repository3\javax\validation\validation-api\2.0.1.Final\validation-api-2.0.1.Final.jar;E:\apache-maven-3.5.3\repository3\org\jboss\logging\jboss-logging\3.3.2.Final\jboss-logging-3.3.2.Final.jar;E:\apache-maven-3.5.3\repository3\com\fasterxml\classmate\1.3.4\classmate-1.3.4.jar;E:\apache-maven-3.5.3\repository3\org\springframework\spring-web\5.0.6.RELEASE\spring-web-5.0.6.RELEASE.jar;E:\apache-maven-3.5.3\repository3\org\springframework\spring-beans\5.0.6.RELEASE\spring-beans-5.0.6.RELEASE.jar;E:\apache-maven-3.5.3\repository3\org\springframework\spring-webmvc\5.0.6.RELEASE\spring-webmvc-5.0.6.RELEASE.jar;E:\apache-maven-3.5.3\repository3\org\springframework\spring-aop\5.0.6.RELEASE\spring-aop-5.0.6.RELEASE.jar;E:\apache-maven-3.5.3\repository3\org\springframework\spring-context\5.0.6.RELEASE\spring-context-5.0.6.RELEASE.jar;E:\apache-maven-3.5.3\repository3\org\springframework\spring-expression\5.0.6.RELEASE\spring-expression-5.0.6.RELEASE.jar;E:\apache-maven-3.5.3\repository3\org\mybatis\spring\boot\mybatis-spring-boot-starter\1.3.0\mybatis-spring-boot-starter-1.3.0.jar;E:\apache-maven-3.5.3\repository3\org\springframework\boot\spring-boot-starter-jdbc\2.0.2.RELEASE\spring-boot-starter-jdbc-2.0.2.RELEASE.jar;E:\apache-maven-3.5.3\repository3\com\zaxxer\HikariCP\2.7.9\HikariCP-2.7.9.jar;E:\apache-maven-3.5.3\repository3\org\springframework\spring-jdbc\5.0.6.RELEASE\spring-jdbc-5.0.6.RELEASE.jar;E:\apache-maven-3.5.3\repository3\org\springframework\spring-tx\5.0.6.RELEASE\spring-tx-5.0.6.RELEASE.jar;E:\apache-maven-3.5.3\repository3\org\mybatis\spring\boot\mybatis-spring-boot-autoconfigure\1.3.0\mybatis-spring-boot-autoconfigure-1.3.0.jar;E:\apache-maven-3.5.3\repository3\org\mybatis\mybatis-spring\1.3.1\mybatis-spring-1.3.1.jar;E:\apache-maven-3.5.3\repository3\mysql\mysql-connector-java\5.1.46\mysql-connector-java-5.1.46.jar;E:\apache-maven-3.5.3\repository3\org\slf4j\slf4j-api\1.7.25\slf4j-api-1.7.25.jar;E:\apache-maven-3.5.3\repository3\org\slf4j\log4j-over-slf4j\1.7.25\log4j-over-slf4j-1.7.25.jar;E:\apache-maven-3.5.3\repository3\org\slf4j\jcl-over-slf4j\1.7.25\jcl-over-slf4j-1.7.25.jar;E:\apache-maven-3.5.3\repository3\net\sourceforge\jexcelapi\jxl\2.6.12\jxl-2.6.12.jar;E:\apache-maven-3.5.3\repository3\log4j\log4j\1.2.14\log4j-1.2.14.jar;"/>
    <property name="java.vm.vendor" value="Oracle Corporation"/>
    <property name="sun.arch.data.model" value="64"/>
    <property name="user.variant" value=""/>
    <property name="java.vendor.url" value="http://java.oracle.com/"/>
    <property name="user.timezone" value=""/>
    <property name="java.vm.specification.version" value="1.8"/>
    <property name="os.name" value="Windows 10"/>
    <property name="user.country" value="CN"/>
    <property name="sun.java.launcher" value="SUN_STANDARD"/>
    <property name="sun.boot.library.path" value="C:\Program Files\Java\jdk1.8.0_144\jre\bin"/>
    <property name="sun.java.command" value="C:\Users\Administrator\AppData\Local\Temp\surefire3229570086400525905\surefirebooter1980935937124800417.jar C:\Users\Administrator\AppData\Local\Temp\surefire3229570086400525905 2018-07-20T10-18-48_633-jvmRun1 surefire5685327718767876769tmp surefire_01647481887948468554tmp"/>
    <property name="surefire.test.class.path" value="E:\manage\sj_service\sj_serviceImpl\target\test-classes;E:\manage\sj_service\sj_serviceImpl\target\classes;E:\apache-maven-3.5.3\repository3\com\m78\sj_dao\1.0-SNAPSHOT\sj_dao-1.0-SNAPSHOT.jar;E:\apache-maven-3.5.3\repository3\org\mybatis\mybatis\3.4.0\mybatis-3.4.0.jar;E:\apache-maven-3.5.3\repository3\com\m78\sj_entity\1.0-SNAPSHOT\sj_entity-1.0-SNAPSHOT.jar;E:\apache-maven-3.5.3\repository3\com\alibaba\fastjson\1.2.47\fastjson-1.2.47.jar;E:\apache-maven-3.5.3\repository3\com\m78\sj_interface\1.0-SNAPSHOT\sj_interface-1.0-SNAPSHOT.jar;E:\apache-maven-3.5.3\repository3\io\dubbo\springboot\spring-boot-starter-dubbo\1.0.0\spring-boot-starter-dubbo-1.0.0.jar;E:\apache-maven-3.5.3\repository3\org\springframework\boot\spring-boot-starter\2.0.2.RELEASE\spring-boot-starter-2.0.2.RELEASE.jar;E:\apache-maven-3.5.3\repository3\org\springframework\boot\spring-boot\2.0.2.RELEASE\spring-boot-2.0.2.RELEASE.jar;E:\apache-maven-3.5.3\repository3\org\springframework\boot\spring-boot-autoconfigure\2.0.2.RELEASE\spring-boot-autoconfigure-2.0.2.RELEASE.jar;E:\apache-maven-3.5.3\repository3\org\springframework\boot\spring-boot-starter-logging\2.0.2.RELEASE\spring-boot-starter-logging-2.0.2.RELEASE.jar;E:\apache-maven-3.5.3\repository3\ch\qos\logback\logback-classic\1.2.3\logback-classic-1.2.3.jar;E:\apache-maven-3.5.3\repository3\ch\qos\logback\logback-core\1.2.3\logback-core-1.2.3.jar;E:\apache-maven-3.5.3\repository3\org\apache\logging\log4j\log4j-to-slf4j\2.10.0\log4j-to-slf4j-2.10.0.jar;E:\apache-maven-3.5.3\repository3\org\apache\logging\log4j\log4j-api\2.10.0\log4j-api-2.10.0.jar;E:\apache-maven-3.5.3\repository3\org\slf4j\jul-to-slf4j\1.7.25\jul-to-slf4j-1.7.25.jar;E:\apache-maven-3.5.3\repository3\javax\annotation\javax.annotation-api\1.3.2\javax.annotation-api-1.3.2.jar;E:\apache-maven-3.5.3\repository3\org\springframework\spring-core\5.0.6.RELEASE\spring-core-5.0.6.RELEASE.jar;E:\apache-maven-3.5.3\repository3\org\springframework\spring-jcl\5.0.6.RELEASE\spring-jcl-5.0.6.RELEASE.jar;E:\apache-maven-3.5.3\repository3\org\yaml\snakeyaml\1.19\snakeyaml-1.19.jar;E:\apache-maven-3.5.3\repository3\com\alibaba\dubbo\2.5.3\dubbo-2.5.3.jar;E:\apache-maven-3.5.3\repository3\org\javassist\javassist\3.15.0-GA\javassist-3.15.0-GA.jar;E:\apache-maven-3.5.3\repository3\org\jboss\netty\netty\3.2.5.Final\netty-3.2.5.Final.jar;E:\apache-maven-3.5.3\repository3\com\101tec\zkclient\0.7\zkclient-0.7.jar;E:\apache-maven-3.5.3\repository3\org\apache\zookeeper\zookeeper\3.4.6\zookeeper-3.4.6.jar;E:\apache-maven-3.5.3\repository3\jline\jline\0.9.94\jline-0.9.94.jar;E:\apache-maven-3.5.3\repository3\junit\junit\4.12\junit-4.12.jar;E:\apache-maven-3.5.3\repository3\org\hamcrest\hamcrest-core\1.3\hamcrest-core-1.3.jar;E:\apache-maven-3.5.3\repository3\io\netty\netty\3.7.0.Final\netty-3.7.0.Final.jar;E:\apache-maven-3.5.3\repository3\org\springframework\boot\spring-boot-starter-web\2.0.2.RELEASE\spring-boot-starter-web-2.0.2.RELEASE.jar;E:\apache-maven-3.5.3\repository3\org\springframework\boot\spring-boot-starter-json\2.0.2.RELEASE\spring-boot-starter-json-2.0.2.RELEASE.jar;E:\apache-maven-3.5.3\repository3\com\fasterxml\jackson\core\jackson-databind\2.9.5\jackson-databind-2.9.5.jar;E:\apache-maven-3.5.3\repository3\com\fasterxml\jackson\core\jackson-annotations\2.9.0\jackson-annotations-2.9.0.jar;E:\apache-maven-3.5.3\repository3\com\fasterxml\jackson\core\jackson-core\2.9.5\jackson-core-2.9.5.jar;E:\apache-maven-3.5.3\repository3\com\fasterxml\jackson\datatype\jackson-datatype-jdk8\2.9.5\jackson-datatype-jdk8-2.9.5.jar;E:\apache-maven-3.5.3\repository3\com\fasterxml\jackson\datatype\jackson-datatype-jsr310\2.9.5\jackson-datatype-jsr310-2.9.5.jar;E:\apache-maven-3.5.3\repository3\com\fasterxml\jackson\module\jackson-module-parameter-names\2.9.5\jackson-module-parameter-names-2.9.5.jar;E:\apache-maven-3.5.3\repository3\org\springframework\boot\spring-boot-starter-tomcat\2.0.2.RELEASE\spring-boot-starter-tomcat-2.0.2.RELEASE.jar;E:\apache-maven-3.5.3\repository3\org\apache\tomcat\embed\tomcat-embed-core\8.5.31\tomcat-embed-core-8.5.31.jar;E:\apache-maven-3.5.3\repository3\org\apache\tomcat\embed\tomcat-embed-el\8.5.31\tomcat-embed-el-8.5.31.jar;E:\apache-maven-3.5.3\repository3\org\apache\tomcat\embed\tomcat-embed-websocket\8.5.31\tomcat-embed-websocket-8.5.31.jar;E:\apache-maven-3.5.3\repository3\org\hibernate\validator\hibernate-validator\6.0.9.Final\hibernate-validator-6.0.9.Final.jar;E:\apache-maven-3.5.3\repository3\javax\validation\validation-api\2.0.1.Final\validation-api-2.0.1.Final.jar;E:\apache-maven-3.5.3\repository3\org\jboss\logging\jboss-logging\3.3.2.Final\jboss-logging-3.3.2.Final.jar;E:\apache-maven-3.5.3\repository3\com\fasterxml\classmate\1.3.4\classmate-1.3.4.jar;E:\apache-maven-3.5.3\repository3\org\springframework\spring-web\5.0.6.RELEASE\spring-web-5.0.6.RELEASE.jar;E:\apache-maven-3.5.3\repository3\org\springframework\spring-beans\5.0.6.RELEASE\spring-beans-5.0.6.RELEASE.jar;E:\apache-maven-3.5.3\repository3\org\springframework\spring-webmvc\5.0.6.RELEASE\spring-webmvc-5.0.6.RELEASE.jar;E:\apache-maven-3.5.3\repository3\org\springframework\spring-aop\5.0.6.RELEASE\spring-aop-5.0.6.RELEASE.jar;E:\apache-maven-3.5.3\repository3\org\springframework\spring-context\5.0.6.RELEASE\spring-context-5.0.6.RELEASE.jar;E:\apache-maven-3.5.3\repository3\org\springframework\spring-expression\5.0.6.RELEASE\spring-expression-5.0.6.RELEASE.jar;E:\apache-maven-3.5.3\repository3\org\mybatis\spring\boot\mybatis-spring-boot-starter\1.3.0\mybatis-spring-boot-starter-1.3.0.jar;E:\apache-maven-3.5.3\repository3\org\springframework\boot\spring-boot-starter-jdbc\2.0.2.RELEASE\spring-boot-starter-jdbc-2.0.2.RELEASE.jar;E:\apache-maven-3.5.3\repository3\com\zaxxer\HikariCP\2.7.9\HikariCP-2.7.9.jar;E:\apache-maven-3.5.3\repository3\org\springframework\spring-jdbc\5.0.6.RELEASE\spring-jdbc-5.0.6.RELEASE.jar;E:\apache-maven-3.5.3\repository3\org\springframework\spring-tx\5.0.6.RELEASE\spring-tx-5.0.6.RELEASE.jar;E:\apache-maven-3.5.3\repository3\org\mybatis\spring\boot\mybatis-spring-boot-autoconfigure\1.3.0\mybatis-spring-boot-autoconfigure-1.3.0.jar;E:\apache-maven-3.5.3\repository3\org\mybatis\mybatis-spring\1.3.1\mybatis-spring-1.3.1.jar;E:\apache-maven-3.5.3\repository3\mysql\mysql-connector-java\5.1.46\mysql-connector-java-5.1.46.jar;E:\apache-maven-3.5.3\repository3\org\slf4j\slf4j-api\1.7.25\slf4j-api-1.7.25.jar;E:\apache-maven-3.5.3\repository3\org\slf4j\log4j-over-slf4j\1.7.25\log4j-over-slf4j-1.7.25.jar;E:\apache-maven-3.5.3\repository3\org\slf4j\jcl-over-slf4j\1.7.25\jcl-over-slf4j-1.7.25.jar;E:\apache-maven-3.5.3\repository3\net\sourceforge\jexcelapi\jxl\2.6.12\jxl-2.6.12.jar;E:\apache-maven-3.5.3\repository3\log4j\log4j\1.2.14\log4j-1.2.14.jar;"/>
    <property name="sun.cpu.endian" value="little"/>
    <property name="user.home" value="C:\Users\Administrator"/>
    <property name="user.language" value="zh"/>
    <property name="java.specification.vendor" value="Oracle Corporation"/>
    <property name="java.home" value="C:\Program Files\Java\jdk1.8.0_144\jre"/>
    <property name="basedir" value="E:\manage\sj_service\sj_serviceImpl"/>
    <property name="file.separator" value="\"/>
    <property name="line.separator" value="&#10;"/>
    <property name="java.vm.specification.vendor" value="Oracle Corporation"/>
    <property name="java.specification.name" value="Java Platform API Specification"/>
    <property name="java.awt.graphicsenv" value="sun.awt.Win32GraphicsEnvironment"/>
    <property name="surefire.real.class.path" value="C:\Users\Administrator\AppData\Local\Temp\surefire3229570086400525905\surefirebooter1980935937124800417.jar"/>
    <property name="sun.boot.class.path" value="C:\Program Files\Java\jdk1.8.0_144\jre\lib\resources.jar;C:\Program Files\Java\jdk1.8.0_144\jre\lib\rt.jar;C:\Program Files\Java\jdk1.8.0_144\jre\lib\sunrsasign.jar;C:\Program Files\Java\jdk1.8.0_144\jre\lib\jsse.jar;C:\Program Files\Java\jdk1.8.0_144\jre\lib\jce.jar;C:\Program Files\Java\jdk1.8.0_144\jre\lib\charsets.jar;C:\Program Files\Java\jdk1.8.0_144\jre\lib\jfr.jar;C:\Program Files\Java\jdk1.8.0_144\jre\classes"/>
    <property name="user.script" value=""/>
    <property name="sun.management.compiler" value="HotSpot 64-Bit Tiered Compilers"/>
    <property name="java.runtime.version" value="1.8.0_144-b01"/>
    <property name="user.name" value="Administrator"/>
    <property name="path.separator" value=";"/>
    <property name="os.version" value="10.0"/>
    <property name="java.endorsed.dirs" value="C:\Program Files\Java\jdk1.8.0_144\jre\lib\endorsed"/>
    <property name="java.runtime.name" value="Java(TM) SE Runtime Environment"/>
    <property name="file.encoding" value="GBK"/>
    <property name="java.vm.name" value="Java HotSpot(TM) 64-Bit Server VM"/>
    <property name="localRepository" value="E:\apache-maven-3.5.3\repository3"/>
    <property name="java.vendor.url.bug" value="http://bugreport.sun.com/bugreport/"/>
    <property name="java.io.tmpdir" value="C:\Users\Administrator\AppData\Local\Temp\"/>
    <property name="idea.version" value="2018.1.5"/>
    <property name="java.version" value="1.8.0_144"/>
    <property name="user.dir" value="E:\manage\sj_service\sj_serviceImpl"/>
    <property name="os.arch" value="amd64"/>
    <property name="java.vm.specification.name" value="Java Virtual Machine Specification"/>
    <property name="java.awt.printerjob" value="sun.awt.windows.WPrinterJob"/>
    <property name="sun.os.patch.level" value=""/>
    <property name="java.library.path" value="C:\Program Files\Java\jdk1.8.0_144\jre\bin;C:\windows\Sun\Java\bin;C:\windows\system32;C:\windows;C:\Program Files\Java\jdk1.8.0_144\bin;C:\ProgramData\Oracle\Java\javapath;C:\windows\system32;C:\windows;C:\windows\System32\Wbem;C:\windows\System32\WindowsPowerShell\v1.0\；C:\Program Files\Java\jdk1.8.0_144\bin;;JAVA_HOME%\jre\bin;D:\apache-maven-3.5.3\bin;\软件\tomcat\bin;C:\Users\Administrator\AppData\Local\Microsoft\WindowsApps;;D:\软件\SSH;."/>
    <property name="java.vm.info" value="mixed mode"/>
    <property name="java.vendor" value="Oracle Corporation"/>
    <property name="java.vm.version" value="25.144-b01"/>
    <property name="java.ext.dirs" value="C:\Program Files\Java\jdk1.8.0_144\jre\lib\ext;C:\windows\Sun\Java\lib\ext"/>
    <property name="sun.io.unicode.encoding" value="UnicodeLittle"/>
    <property name="java.class.version" value="52.0"/>
  </properties>
  <testcase name="findAll" classname="com.m78.serviceImpl.CommunityServiceImplTest" time="0"/>
</testsuite>